Fri Dec 15 2017 13:00:57 GMT-0500 (EST) =================================================
Fri Dec 15 2017 13:00:57 GMT-0500 (EST) Nexus Warming Up:
Fri Dec 15 2017 13:00:57 GMT-0500 (EST) /usr/bin/node
Fri Dec 15 2017 13:00:57 GMT-0500 (EST) /home/tjgionet/xGraph/bin/linux/lib/Nexus/Nexus.js
Fri Dec 15 2017 13:00:57 GMT-0500 (EST) /home/tjgionet/xGraph/bin/linux/bin/xgraph
Fri Dec 15 2017 13:00:57 GMT-0500 (EST) r
Fri Dec 15 2017 13:00:57 GMT-0500 (EST) --cwd
Fri Dec 15 2017 13:00:57 GMT-0500 (EST) Systems/HeatBugs/
Fri Dec 15 2017 13:00:57 GMT-0500 (EST) --xgraph
Fri Dec 15 2017 13:00:57 GMT-0500 (EST) ../xGraph/
Fri Dec 15 2017 13:00:57 GMT-0500 (EST) --local
Fri Dec 15 2017 13:00:57 GMT-0500 (EST) ./
Fri Dec 15 2017 13:00:57 GMT-0500 (EST) cwd=Systems/HeatBugs/
Fri Dec 15 2017 13:00:57 GMT-0500 (EST) xgraph=../xGraph/
Fri Dec 15 2017 13:00:57 GMT-0500 (EST) local=./
Fri Dec 15 2017 13:00:57 GMT-0500 (EST) cache=/home/tjgionet/trevor/Systems/HeatBugs/cache
Fri Dec 15 2017 13:00:57 GMT-0500 (EST) CWD set to /home/tjgionet/trevor/Systems/HeatBugs/Systems/HeatBugs
Fri Dec 15 2017 13:00:57 GMT-0500 (EST) 
--Nexus/Initiate
Fri Dec 15 2017 13:00:57 GMT-0500 (EST) ApexIndex {
  "EFF2F2CBD78D4AC8959D9C9808E3FE13": "xGraph.Web.WebViewer"
}
Fri Dec 15 2017 13:00:57 GMT-0500 (EST) Setup {
  "EFF2F2CBD78D4AC8959D9C9808E3FE13": "Setup"
}
Fri Dec 15 2017 13:00:57 GMT-0500 (EST) Start {}
Fri Dec 15 2017 13:00:57 GMT-0500 (EST) --WebViewer/Setup
Fri Dec 15 2017 13:00:57 GMT-0500 (EST)  ** Spider listening on port 8080
Fri Dec 15 2017 13:00:57 GMT-0500 (EST) Entity - Getting file scripts.json from xGraph.Web.WebViewer
Fri Dec 15 2017 13:00:57 GMT-0500 (EST) Entity - Getting file Nxs.js from xGraph.Web.WebViewer
Fri Dec 15 2017 13:00:57 GMT-0500 (EST) 
--Nexus/Run
Fri Dec 15 2017 13:01:08 GMT-0500 (EST) [HTTP] /Heatbugs
Fri Dec 15 2017 13:01:08 GMT-0500 (EST) --Get /Heatbugs
Fri Dec 15 2017 13:01:08 GMT-0500 (EST) Entity - Getting file jszip.min_3.1.3.js from xGraph.Web.WebViewer
Fri Dec 15 2017 13:01:08 GMT-0500 (EST) Entity - Getting file jquery.min.js from xGraph.Web.WebViewer
Fri Dec 15 2017 13:01:08 GMT-0500 (EST) Entity - Getting file Viewify.js from xGraph.Web.WebViewer
Fri Dec 15 2017 13:02:33 GMT-0500 (EST) =================================================
Fri Dec 15 2017 13:02:33 GMT-0500 (EST) Nexus Warming Up:
Fri Dec 15 2017 13:02:33 GMT-0500 (EST) /usr/bin/node
Fri Dec 15 2017 13:02:33 GMT-0500 (EST) /home/tjgionet/xGraph/bin/linux/lib/Nexus/Nexus.js
Fri Dec 15 2017 13:02:33 GMT-0500 (EST) /home/tjgionet/xGraph/bin/linux/bin/xgraph
Fri Dec 15 2017 13:02:33 GMT-0500 (EST) r
Fri Dec 15 2017 13:02:33 GMT-0500 (EST) --cwd
Fri Dec 15 2017 13:02:33 GMT-0500 (EST) Systems/HeatBugs/
Fri Dec 15 2017 13:02:33 GMT-0500 (EST) --xgraph
Fri Dec 15 2017 13:02:33 GMT-0500 (EST) ../xGraph/
Fri Dec 15 2017 13:02:33 GMT-0500 (EST) --local
Fri Dec 15 2017 13:02:33 GMT-0500 (EST) ./
Fri Dec 15 2017 13:02:33 GMT-0500 (EST) cwd=Systems/HeatBugs/
Fri Dec 15 2017 13:02:33 GMT-0500 (EST) xgraph=../xGraph/
Fri Dec 15 2017 13:02:33 GMT-0500 (EST) local=./
Fri Dec 15 2017 13:02:33 GMT-0500 (EST) cache=/home/tjgionet/trevor/Systems/HeatBugs/cache
Fri Dec 15 2017 13:02:33 GMT-0500 (EST) CWD set to /home/tjgionet/trevor/Systems/HeatBugs/Systems/HeatBugs
Fri Dec 15 2017 13:02:33 GMT-0500 (EST) 
--Nexus/Initiate
Fri Dec 15 2017 13:02:33 GMT-0500 (EST) ApexIndex {
  "3EC115F51D1D49F982353478AAD6A414": "xGraph.Web.WebViewer"
}
Fri Dec 15 2017 13:02:33 GMT-0500 (EST) Setup {
  "3EC115F51D1D49F982353478AAD6A414": "Setup"
}
Fri Dec 15 2017 13:02:33 GMT-0500 (EST) Start {}
Fri Dec 15 2017 13:02:33 GMT-0500 (EST) --WebViewer/Setup
Fri Dec 15 2017 13:02:33 GMT-0500 (EST)  ** Spider listening on port 8080
Fri Dec 15 2017 13:02:33 GMT-0500 (EST) Entity - Getting file scripts.json from xGraph.Web.WebViewer
Fri Dec 15 2017 13:02:33 GMT-0500 (EST) Entity - Getting file Nxs.js from xGraph.Web.WebViewer
Fri Dec 15 2017 13:02:33 GMT-0500 (EST) 
--Nexus/Run
Fri Dec 15 2017 13:02:34 GMT-0500 (EST) [HTTP] /Heatbugs
Fri Dec 15 2017 13:02:34 GMT-0500 (EST) --Get /Heatbugs
Fri Dec 15 2017 13:02:35 GMT-0500 (EST) Entity - Getting file jszip.min_3.1.3.js from xGraph.Web.WebViewer
Fri Dec 15 2017 13:02:35 GMT-0500 (EST) Entity - Getting file jquery.min.js from xGraph.Web.WebViewer
Fri Dec 15 2017 13:02:35 GMT-0500 (EST) Entity - Getting file Viewify.js from xGraph.Web.WebViewer
Fri Dec 15 2017 13:03:25 GMT-0500 (EST) =================================================
Fri Dec 15 2017 13:03:25 GMT-0500 (EST) Nexus Warming Up:
Fri Dec 15 2017 13:03:25 GMT-0500 (EST) /usr/bin/node
Fri Dec 15 2017 13:03:25 GMT-0500 (EST) /home/tjgionet/xGraph/bin/linux/lib/Nexus/Nexus.js
Fri Dec 15 2017 13:03:25 GMT-0500 (EST) /home/tjgionet/xGraph/bin/linux/bin/xgraph
Fri Dec 15 2017 13:03:25 GMT-0500 (EST) r
Fri Dec 15 2017 13:03:25 GMT-0500 (EST) --cwd
Fri Dec 15 2017 13:03:25 GMT-0500 (EST) Systems/HeatBugs/
Fri Dec 15 2017 13:03:25 GMT-0500 (EST) --xgraph
Fri Dec 15 2017 13:03:25 GMT-0500 (EST) ../xGraph/
Fri Dec 15 2017 13:03:25 GMT-0500 (EST) --local
Fri Dec 15 2017 13:03:25 GMT-0500 (EST) ./
Fri Dec 15 2017 13:03:25 GMT-0500 (EST) cwd=Systems/HeatBugs/
Fri Dec 15 2017 13:03:25 GMT-0500 (EST) xgraph=../xGraph/
Fri Dec 15 2017 13:03:25 GMT-0500 (EST) local=./
Fri Dec 15 2017 13:03:25 GMT-0500 (EST) cache=/home/tjgionet/trevor/Systems/HeatBugs/cache
Fri Dec 15 2017 13:03:25 GMT-0500 (EST) CWD set to /home/tjgionet/trevor/Systems/HeatBugs/Systems/HeatBugs
Fri Dec 15 2017 13:03:25 GMT-0500 (EST) 
--Nexus/Initiate
Fri Dec 15 2017 13:03:25 GMT-0500 (EST) ApexIndex {
  "699FDB536BAC454DA0191A92B4D07553": "xGraph.Web.WebViewer"
}
Fri Dec 15 2017 13:03:25 GMT-0500 (EST) Setup {
  "699FDB536BAC454DA0191A92B4D07553": "Setup"
}
Fri Dec 15 2017 13:03:25 GMT-0500 (EST) Start {}
Fri Dec 15 2017 13:03:25 GMT-0500 (EST) --WebViewer/Setup
Fri Dec 15 2017 13:03:25 GMT-0500 (EST)  ** Spider listening on port 8080
Fri Dec 15 2017 13:03:25 GMT-0500 (EST) Entity - Getting file scripts.json from xGraph.Web.WebViewer
Fri Dec 15 2017 13:03:25 GMT-0500 (EST) Entity - Getting file Nxs.js from xGraph.Web.WebViewer
Fri Dec 15 2017 13:03:25 GMT-0500 (EST) 
--Nexus/Run
Fri Dec 15 2017 13:03:30 GMT-0500 (EST) [HTTP] /Heatbugs
Fri Dec 15 2017 13:03:30 GMT-0500 (EST) --Get /Heatbugs
Fri Dec 15 2017 13:03:31 GMT-0500 (EST) Entity - Getting file jszip.min_3.1.3.js from xGraph.Web.WebViewer
Fri Dec 15 2017 13:03:31 GMT-0500 (EST) Entity - Getting file jquery.min.js from xGraph.Web.WebViewer
Fri Dec 15 2017 13:03:31 GMT-0500 (EST) Entity - Getting file Viewify.js from xGraph.Web.WebViewer
