=================================================
Genesis Setup:
/home/trevor/xGraph/bin/linux/bin/xgraph
c
Jungle=/home/trevor/Jungle/
{
  "Sources": {
    "Jungle": "/home/trevor/Jungle/"
  },
  "Modules": {
    "Server": {
      "Module": "Jungle.Modules.Server",
      "Source": "Jungle",
      "Par": {
        "ApexList": {},
        "Port": 8080,
        "Url": "Paint",
        "Config": "@file: browser.json",
        "HTML": "@file: Paint.html"
      }
    },
    "Deferred": [
      {
        "Module": "Jungle.Modules.RootView",
        "Source": "Jungle"
      },
      {
        "Module": "Jungle.Modules.3DView",
        "Source": "Jungle"
      },
      {
        "Module": "Jungle.Modules.Mouse",
        "Source": "Jungle"
      },
      {
        "Module": "Jungle.Modules.Popup",
        "Source": "Jungle"
      },
      {
        "Module": "Jungle.Modules.Modelx3D",
        "Source": "Jungle"
      }
    ]
  }
}
=================================================
Genesis Compile Start:
--refreshSystems: Updating and installing dependencies

dependencies installed correctly
Current working directory: /home/trevor/Jungle/Systems/00Example
--populate : Writing Cache to Disk
Writing Module Jungle.Modules.Server to cache
Writing Module Jungle.Modules.RootView to cache
Writing Module Jungle.Modules.3DView to cache
Writing Module Jungle.Modules.Mouse to cache
Writing Module Jungle.Modules.Popup to cache
Writing Module Jungle.Modules.Modelx3D to cache
Apex {
  "Server": "B8CD0169CEB44637A2831084D04205A2",
  "Deferred": "08A04631D98B494F85F836A562FDBE81"
}
Server {
  "Module": "Jungle.Modules.Server",
  "Source": "Jungle",
  "Par": {
    "ApexList": {},
    "Port": 8080,
    "Url": "Paint",
    "Config": "@file: browser.json",
    "HTML": "@file: Paint.html"
  }
}
Error reading file  [object Object]
Module Jungle.Modules.Server may not operate as expected.
Error reading file  [object Object]
Module Jungle.Modules.Server may not operate as expected.
Genesis Compile Stop: Mon Nov 06 2017 12:04:00 GMT-0500 (EST)
=================================================

=================================================
Genesis Setup:
/home/trevor/xGraph/bin/linux/bin/xgraph
c
Jungle=/home/trevor/Jungle/
{
  "Sources": {
    "Jungle": "/home/trevor/Jungle/"
  },
  "Modules": {
    "Server": {
      "Module": "Jungle.Modules.Server",
      "Source": "Jungle",
      "Par": {
        "ApexList": {},
        "Port": 8080,
        "Url": "Paint",
        "Config": "@file: browser.json",
        "HTML": "@file: Paint.html"
      }
    },
    "Deferred": [
      {
        "Module": "Jungle.Modules.RootView",
        "Source": "Jungle"
      },
      {
        "Module": "Jungle.Modules.3DView",
        "Source": "Jungle"
      },
      {
        "Module": "Jungle.Modules.Mouse",
        "Source": "Jungle"
      },
      {
        "Module": "Jungle.Modules.Popup",
        "Source": "Jungle"
      },
      {
        "Module": "Jungle.Modules.Modelx3D",
        "Source": "Jungle"
      }
    ]
  }
}
About to remove the cacheDir: "cache"
Removing the directory cache/Jungle.Modules.3DView
Removing the directory cache/Jungle.Modules.Modelx3D
Removing the directory cache/Jungle.Modules.Mouse
Removing the directory cache/Jungle.Modules.Popup
Removing the directory cache/Jungle.Modules.RootView
Removing the directory cache/Jungle.Modules.Server/B8CD0169CEB44637A2831084D04205A2
Removing the directory cache/Jungle.Modules.Server
Removing the directory cache
=================================================
Genesis Compile Start:
--refreshSystems: Updating and installing dependencies

dependencies installed correctly
--populate : Writing Cache to Disk
Current working directory: /home/trevor/Jungle/Systems/00Example
Writing Module Jungle.Modules.Server to cache
Writing Module Jungle.Modules.RootView to cache
Writing Module Jungle.Modules.3DView to cache
Writing Module Jungle.Modules.Mouse to cache
Writing Module Jungle.Modules.Popup to cache
Writing Module Jungle.Modules.Modelx3D to cache
Apex {
  "Server": "803E965980FA4C8F986C499FE742D268",
  "Deferred": "CAD7D64635424B798FC5B6C57D5377D4"
}
Server {
  "Module": "Jungle.Modules.Server",
  "Source": "Jungle",
  "Par": {
    "ApexList": {},
    "Port": 8080,
    "Url": "Paint",
    "Config": "@file: browser.json",
    "HTML": "@file: Paint.html"
  }
}
Error reading file  [object Object]
Module Jungle.Modules.Server may not operate as expected.
Error reading file  [object Object]
Module Jungle.Modules.Server may not operate as expected.
Genesis Compile Stop: Mon Nov 06 2017 12:07:21 GMT-0500 (EST)
=================================================

=================================================
Genesis Setup:
/home/trevor/xGraph/bin/linux/bin/xgraph
c
Jungle=/home/trevor/Jungle/
{
  "Sources": {
    "Jungle": "/home/trevor/Jungle/"
  },
  "Modules": {
    "Server": {
      "Module": "Jungle.Modules.Server",
      "Source": "Jungle",
      "Par": {
        "ApexList": {},
        "Port": 8080,
        "Url": "Paint",
        "Config": "@file: browser.json",
        "HTML": "@file: Paint.html"
      }
    },
    "Deferred": [
      {
        "Module": "Jungle.Modules.RootView",
        "Source": "Jungle"
      },
      {
        "Module": "Jungle.Modules.3DView",
        "Source": "Jungle"
      },
      {
        "Module": "Jungle.Modules.Mouse",
        "Source": "Jungle"
      },
      {
        "Module": "Jungle.Modules.Popup",
        "Source": "Jungle"
      },
      {
        "Module": "Jungle.Modules.Modelx3D",
        "Source": "Jungle"
      }
    ]
  }
}
About to remove the cacheDir: "cache"
Removing the directory cache/Jungle.Modules.3DView
Removing the directory cache/Jungle.Modules.Modelx3D
Removing the directory cache/Jungle.Modules.Mouse
Removing the directory cache/Jungle.Modules.Popup
Removing the directory cache/Jungle.Modules.RootView
Removing the directory cache/Jungle.Modules.Server/803E965980FA4C8F986C499FE742D268
Removing the directory cache/Jungle.Modules.Server
Removing the directory cache
=================================================
Genesis Compile Start:
--refreshSystems: Updating and installing dependencies

dependencies installed correctly
Current working directory: /home/trevor/Jungle/Systems/00Example
--populate : Writing Cache to Disk
Writing Module Jungle.Modules.Server to cache
Writing Module Jungle.Modules.RootView to cache
Writing Module Jungle.Modules.3DView to cache
Writing Module Jungle.Modules.Mouse to cache
Writing Module Jungle.Modules.Popup to cache
Writing Module Jungle.Modules.Modelx3D to cache
Apex {
  "Server": "61B341CCEB614A7990B223D12CB39769",
  "Deferred": "95AB914E19D24A878B50725B4759EAE3"
}
Server {
  "Module": "Jungle.Modules.Server",
  "Source": "Jungle",
  "Par": {
    "ApexList": {},
    "Port": 8080,
    "Url": "Paint",
    "Config": "@file: browser.json",
    "HTML": "@file: Paint.html"
  }
}
Error reading file  [object Object]
Module Jungle.Modules.Server may not operate as expected.
Error reading file  [object Object]
Module Jungle.Modules.Server may not operate as expected.
Genesis Compile Stop: Mon Nov 06 2017 12:09:31 GMT-0500 (EST)
=================================================

=================================================
Genesis Setup:
/home/trevor/xGraph/bin/linux/bin/xgraph
c
Jungle=/home/trevor/Jungle/
{
  "Sources": {
    "Jungle": "/home/trevor/Jungle/"
  },
  "Modules": {
    "Server": {
      "Module": "Jungle.Modules.Server",
      "Source": "Jungle",
      "Par": {
        "ApexList": {},
        "Port": 8080,
        "Url": "Paint",
        "Config": "@file: browser.json",
        "HTML": "@file: Paint.html"
      }
    },
    "Deferred": [
      {
        "Module": "Jungle.Modules.RootView",
        "Source": "Jungle"
      },
      {
        "Module": "Jungle.Modules.3DView",
        "Source": "Jungle"
      },
      {
        "Module": "Jungle.Modules.Mouse",
        "Source": "Jungle"
      },
      {
        "Module": "Jungle.Modules.Popup",
        "Source": "Jungle"
      },
      {
        "Module": "Jungle.Modules.Modelx3D",
        "Source": "Jungle"
      }
    ]
  }
}
About to remove the cacheDir: "cache"
Removing the directory cache/Jungle.Modules.3DView
Removing the directory cache/Jungle.Modules.Modelx3D
Removing the directory cache/Jungle.Modules.Mouse
Removing the directory cache/Jungle.Modules.Popup
Removing the directory cache/Jungle.Modules.RootView
Removing the directory cache/Jungle.Modules.Server/61B341CCEB614A7990B223D12CB39769
Removing the directory cache/Jungle.Modules.Server
Removing the directory cache
=================================================
Genesis Compile Start:
--refreshSystems: Updating and installing dependencies

dependencies installed correctly
Current working directory: /home/trevor/Jungle/Systems/00Example
--populate : Writing Cache to Disk
Writing Module Jungle.Modules.Server to cache
Writing Module Jungle.Modules.RootView to cache
Writing Module Jungle.Modules.3DView to cache
Writing Module Jungle.Modules.Mouse to cache
Writing Module Jungle.Modules.Popup to cache
Writing Module Jungle.Modules.Modelx3D to cache
Apex {
  "Server": "4449DB28E1964DAB9F4FE57C3C28D54E",
  "Deferred": "B97E424994064DB7A616AAED027A4F07"
}
Server {
  "Module": "Jungle.Modules.Server",
  "Source": "Jungle",
  "Par": {
    "ApexList": {},
    "Port": 8080,
    "Url": "Paint",
    "Config": "@file: browser.json",
    "HTML": "@file: Paint.html"
  }
}
Error reading file  [object Object]
Module Jungle.Modules.Server may not operate as expected.
Error reading file  [object Object]
Module Jungle.Modules.Server may not operate as expected.
Genesis Compile Stop: Mon Nov 06 2017 12:10:32 GMT-0500 (EST)
=================================================

=================================================
Genesis Setup:
/home/trevor/xGraph/bin/linux/bin/xgraph
c
Jungle=/home/trevor/Jungle/
{
  "Sources": {
    "Jungle": "/home/trevor/Jungle/"
  },
  "Modules": {
    "Server": {
      "Module": "Jungle.Modules.Server",
      "Source": "Jungle",
      "Par": {
        "ApexList": {},
        "Port": 8080,
        "Url": "Paint",
        "Config": "@file: browser.json",
        "HTML": "@file: Paint.html"
      }
    },
    "Deferred": [
      {
        "Module": "Jungle.Modules.RootView",
        "Source": "Jungle"
      },
      {
        "Module": "Jungle.Modules.3DView",
        "Source": "Jungle"
      },
      {
        "Module": "Jungle.Modules.Mouse",
        "Source": "Jungle"
      },
      {
        "Module": "Jungle.Modules.Popup",
        "Source": "Jungle"
      },
      {
        "Module": "Jungle.Modules.Modelx3D",
        "Source": "Jungle"
      }
    ]
  }
}
About to remove the cacheDir: "cache"
Removing the directory cache/Jungle.Modules.3DView
Removing the directory cache/Jungle.Modules.Modelx3D
Removing the directory cache/Jungle.Modules.Mouse
Removing the directory cache/Jungle.Modules.Popup
Removing the directory cache/Jungle.Modules.RootView
Removing the directory cache/Jungle.Modules.Server/4449DB28E1964DAB9F4FE57C3C28D54E
Removing the directory cache/Jungle.Modules.Server
Removing the directory cache
=================================================
Genesis Compile Start:
--refreshSystems: Updating and installing dependencies

dependencies installed correctly
Current working directory: /home/trevor/Jungle/Systems/00Example
--populate : Writing Cache to Disk
Writing Module Jungle.Modules.Server to cache
Writing Module Jungle.Modules.RootView to cache
Writing Module Jungle.Modules.3DView to cache
Writing Module Jungle.Modules.Mouse to cache
Writing Module Jungle.Modules.Popup to cache
Writing Module Jungle.Modules.Modelx3D to cache
Apex {
  "Server": "78F3A6932530455D96D7B4336141992B",
  "Deferred": "59F535018E994CFF84271EE0FC78FAD8"
}
Server {
  "Module": "Jungle.Modules.Server",
  "Source": "Jungle",
  "Par": {
    "ApexList": {},
    "Port": 8080,
    "Url": "Paint",
    "Config": "@file: browser.json",
    "HTML": "@file: Paint.html"
  }
}
at switch @file
Error reading file  [object Object]
Module Jungle.Modules.Server may not operate as expected.
at switch @file
Error reading file  [object Object]
Module Jungle.Modules.Server may not operate as expected.
Genesis Compile Stop: Mon Nov 06 2017 12:13:44 GMT-0500 (EST)
=================================================

=================================================
Genesis Setup:
/home/trevor/xGraph/bin/linux/bin/xgraph
c
Jungle=/home/trevor/Jungle/
{
  "Sources": {
    "Jungle": "/home/trevor/Jungle/"
  },
  "Modules": {
    "Server": {
      "Module": "Jungle.Modules.Server",
      "Source": "Jungle",
      "Par": {
        "ApexList": {},
        "Port": 8080,
        "Url": "Paint",
        "Config": "@file: browser.json",
        "HTML": "@file: Paint.html"
      }
    },
    "Deferred": [
      {
        "Module": "Jungle.Modules.RootView",
        "Source": "Jungle"
      },
      {
        "Module": "Jungle.Modules.3DView",
        "Source": "Jungle"
      },
      {
        "Module": "Jungle.Modules.Mouse",
        "Source": "Jungle"
      },
      {
        "Module": "Jungle.Modules.Popup",
        "Source": "Jungle"
      },
      {
        "Module": "Jungle.Modules.Modelx3D",
        "Source": "Jungle"
      }
    ]
  }
}
About to remove the cacheDir: "cache"
Removing the directory cache/Jungle.Modules.3DView
Removing the directory cache/Jungle.Modules.Modelx3D
Removing the directory cache/Jungle.Modules.Mouse
Removing the directory cache/Jungle.Modules.Popup
Removing the directory cache/Jungle.Modules.RootView
Removing the directory cache/Jungle.Modules.Server/78F3A6932530455D96D7B4336141992B
Removing the directory cache/Jungle.Modules.Server
Removing the directory cache
=================================================
Genesis Compile Start:
--refreshSystems: Updating and installing dependencies

dependencies installed correctly
Current working directory: /home/trevor/Jungle/Systems/00Example
--populate : Writing Cache to Disk
Writing Module Jungle.Modules.Server to cache
Writing Module Jungle.Modules.RootView to cache
Writing Module Jungle.Modules.3DView to cache
Writing Module Jungle.Modules.Mouse to cache
Writing Module Jungle.Modules.Popup to cache
Writing Module Jungle.Modules.Modelx3D to cache
Apex {
  "Server": "D7B07130C8A649AD9C35DE74C6D08257",
  "Deferred": "73E48CD5352E4BB3A9AB0F088BD3AC0A"
}
Server {
  "Module": "Jungle.Modules.Server",
  "Source": "Jungle",
  "Par": {
    "ApexList": {},
    "Port": 8080,
    "Url": "Paint",
    "Config": "@file: browser.json",
    "HTML": "@file: Paint.html"
  }
}
at switch @file
Error reading file  [object Object]
Module Jungle.Modules.Server may not operate as expected.
at switch @file
Error reading file  [object Object]
Module Jungle.Modules.Server may not operate as expected.
Genesis Compile Stop: Mon Nov 06 2017 12:19:06 GMT-0500 (EST)
=================================================

=================================================
Genesis Setup:
/home/trevor/xGraph/bin/linux/bin/xgraph
c
Jungle=/home/trevor/Jungle/
{
  "Sources": {
    "Jungle": "/home/trevor/Jungle/"
  },
  "Modules": {
    "Server": {
      "Module": "Jungle.Modules.Server",
      "Source": "Jungle",
      "Par": {
        "ApexList": {},
        "Port": 8080,
        "Url": "Paint",
        "Config": "@file: browser.json",
        "HTML": "@file: Paint.html"
      }
    },
    "Deferred": [
      {
        "Module": "Jungle.Modules.RootView",
        "Source": "Jungle"
      },
      {
        "Module": "Jungle.Modules.3DView",
        "Source": "Jungle"
      },
      {
        "Module": "Jungle.Modules.Mouse",
        "Source": "Jungle"
      },
      {
        "Module": "Jungle.Modules.Popup",
        "Source": "Jungle"
      },
      {
        "Module": "Jungle.Modules.Modelx3D",
        "Source": "Jungle"
      }
    ]
  }
}
About to remove the cacheDir: "cache"
Removing the directory cache/Jungle.Modules.3DView
Removing the directory cache/Jungle.Modules.Modelx3D
Removing the directory cache/Jungle.Modules.Mouse
Removing the directory cache/Jungle.Modules.Popup
Removing the directory cache/Jungle.Modules.RootView
Removing the directory cache/Jungle.Modules.Server/D7B07130C8A649AD9C35DE74C6D08257
Removing the directory cache/Jungle.Modules.Server
Removing the directory cache
=================================================
Genesis Compile Start:
--refreshSystems: Updating and installing dependencies

dependencies installed correctly
Current working directory: /home/trevor/Jungle/Systems/00Example
--populate : Writing Cache to Disk
Writing Module Jungle.Modules.Server to cache
Writing Module Jungle.Modules.RootView to cache
Writing Module Jungle.Modules.3DView to cache
Writing Module Jungle.Modules.Mouse to cache
Writing Module Jungle.Modules.Popup to cache
Writing Module Jungle.Modules.Modelx3D to cache
Apex {
  "Server": "96DD66DB9B7749A2A70B37EDB7FE09E9",
  "Deferred": "CE54205E5C804F29B4D2641C1A85E0E6"
}
Server {
  "Module": "Jungle.Modules.Server",
  "Source": "Jungle",
  "Par": {
    "ApexList": {},
    "Port": 8080,
    "Url": "Paint",
    "Config": "@file: browser.json",
    "HTML": "@file: Paint.html"
  }
}
at switch @file
Error reading file  [object Object]
Module Jungle.Modules.Server may not operate as expected.
at switch @file
Error reading file  [object Object]
Module Jungle.Modules.Server may not operate as expected.
Genesis Compile Stop: Mon Nov 06 2017 12:21:28 GMT-0500 (EST)
=================================================

=================================================
Genesis Setup:
/home/trevor/xGraph/bin/linux/bin/xgraph
c
Jungle=/home/trevor/Jungle/
{
  "Sources": {
    "Jungle": "/home/trevor/Jungle/"
  },
  "Modules": {
    "Server": {
      "Module": "Jungle.Modules.Server",
      "Source": "Jungle",
      "Par": {
        "ApexList": {},
        "Port": 8080,
        "Url": "Paint",
        "Config": "@file: browser.json",
        "HTML": "@file: Paint.html"
      }
    },
    "Deferred": [
      {
        "Module": "Jungle.Modules.RootView",
        "Source": "Jungle"
      },
      {
        "Module": "Jungle.Modules.3DView",
        "Source": "Jungle"
      },
      {
        "Module": "Jungle.Modules.Mouse",
        "Source": "Jungle"
      },
      {
        "Module": "Jungle.Modules.Popup",
        "Source": "Jungle"
      },
      {
        "Module": "Jungle.Modules.Modelx3D",
        "Source": "Jungle"
      }
    ]
  }
}
About to remove the cacheDir: "cache"
Removing the directory cache/Jungle.Modules.3DView
Removing the directory cache/Jungle.Modules.Modelx3D
Removing the directory cache/Jungle.Modules.Mouse
Removing the directory cache/Jungle.Modules.Popup
Removing the directory cache/Jungle.Modules.RootView
Removing the directory cache/Jungle.Modules.Server/96DD66DB9B7749A2A70B37EDB7FE09E9
Removing the directory cache/Jungle.Modules.Server
Removing the directory cache
=================================================
Genesis Compile Start:
--refreshSystems: Updating and installing dependencies

dependencies installed correctly
Current working directory: /home/trevor/Jungle/Systems/00Example
--populate : Writing Cache to Disk
Writing Module Jungle.Modules.Server to cache
Writing Module Jungle.Modules.RootView to cache
Writing Module Jungle.Modules.3DView to cache
Writing Module Jungle.Modules.Mouse to cache
Writing Module Jungle.Modules.Popup to cache
Writing Module Jungle.Modules.Modelx3D to cache
Apex {
  "Server": "274A3B30C6604DF4A6C29F826150D6B2",
  "Deferred": "03E847C2BA2C49F1B50A9DA132618599"
}
Server {
  "Module": "Jungle.Modules.Server",
  "Source": "Jungle",
  "Par": {
    "ApexList": {},
    "Port": 8080,
    "Url": "Paint",
    "Config": "@file: browser.json",
    "HTML": "@file: Paint.html"
  }
}
at switch @file
system path is set to .
Path is  /home/trevor/Jungle/Systems/00Example/browser.json
at switch @file
system path is set to .
Path is  /home/trevor/Jungle/Systems/00Example/Paint.html
Genesis Compile Stop: Mon Nov 06 2017 12:22:57 GMT-0500 (EST)
=================================================

=================================================
Nexus Warming Up:
/usr/bin/node
/home/trevor/xGraph/bin/linux/lib/Nexus/Nexus.js
/home/trevor/xGraph/bin/linux/bin/xgraph
d

--Nexus/Initiate
ApexIndex {
  "274A3B30C6604DF4A6C29F826150D6B2": "Jungle.Modules.Server"
}
Setup {
  "274A3B30C6604DF4A6C29F826150D6B2": "Setup"
}
Start {
  "274A3B30C6604DF4A6C29F826150D6B2": "Start"
}
--Http/Setup
--Http/Start
Entity - Getting file scripts.json from Jungle.Modules.Server
Entity - Getting file Nxs.js from Jungle.Modules.Server

--Nexus/Run
--Get /Paint
--Get /favicon.ico
/favicon.ico does not exist in Par.Static
Entity - Getting file jszip.min_3.1.3.js from Jungle.Modules.Server
Entity - Getting file async.js from Jungle.Modules.Server
--Http/GetModule Jungle.Modules.RootView
--Http/GetModule Jungle.Modules.3DView
--Http/GetModule xGraph:Scene/Modelx3D
Error retreiving cache/xGraph.Scene.Modelx3D/Module.json from cache
--Http/GetModule xGraph:Widgets/Mouse
Error retreiving cache/xGraph.Widgets.Mouse/Module.json from cache
=================================================
Genesis Setup:
/home/trevor/xGraph/bin/linux/bin/xgraph
c
Jungle=/home/trevor/Jungle/
{
  "Sources": {
    "Jungle": "/home/trevor/Jungle/"
  },
  "Modules": {
    "Server": {
      "Module": "Jungle.Modules.Server",
      "Source": "Jungle",
      "Par": {
        "ApexList": {},
        "Port": 8080,
        "Url": "Paint",
        "Config": "@file: browser.json",
        "HTML": "@file: Paint.html"
      }
    },
    "Deferred": [
      {
        "Module": "Jungle.Modules.RootView",
        "Source": "Jungle"
      },
      {
        "Module": "Jungle.Modules.3DView",
        "Source": "Jungle"
      },
      {
        "Module": "Jungle.Modules.Mouse",
        "Source": "Jungle"
      },
      {
        "Module": "Jungle.Modules.Popup",
        "Source": "Jungle"
      },
      {
        "Module": "Jungle.Modules.Modelx3D",
        "Source": "Jungle"
      }
    ]
  }
}
About to remove the cacheDir: "cache"
Removing the directory cache/Jungle.Modules.3DView
Removing the directory cache/Jungle.Modules.Modelx3D
Removing the directory cache/Jungle.Modules.Mouse
Removing the directory cache/Jungle.Modules.Popup
Removing the directory cache/Jungle.Modules.RootView
Removing the directory cache/Jungle.Modules.Server/274A3B30C6604DF4A6C29F826150D6B2
Removing the directory cache/Jungle.Modules.Server
Removing the directory cache
=================================================
Genesis Compile Start:
--refreshSystems: Updating and installing dependencies

dependencies installed correctly
Current working directory: /home/trevor/Jungle/Systems/00Example
--populate : Writing Cache to Disk
Writing Module Jungle.Modules.Server to cache
Writing Module Jungle.Modules.RootView to cache
Writing Module Jungle.Modules.3DView to cache
Writing Module Jungle.Modules.Mouse to cache
Writing Module Jungle.Modules.Popup to cache
Writing Module Jungle.Modules.Modelx3D to cache
Apex {
  "Server": "D6E4ED85DA144459954DBC42BA850B5D",
  "Deferred": "057B4090DEF44DBFA7B45676A6D3FD01"
}
Server {
  "Module": "Jungle.Modules.Server",
  "Source": "Jungle",
  "Par": {
    "ApexList": {},
    "Port": 8080,
    "Url": "Paint",
    "Config": "@file: browser.json",
    "HTML": "@file: Paint.html"
  }
}
at switch @file
system path is set to .
Path is  /home/trevor/Jungle/Systems/00Example/browser.json
at switch @file
system path is set to .
Path is  /home/trevor/Jungle/Systems/00Example/Paint.html
Genesis Compile Stop: Mon Nov 06 2017 12:26:51 GMT-0500 (EST)
=================================================

=================================================
Nexus Warming Up:
/usr/bin/node
/home/trevor/xGraph/bin/linux/lib/Nexus/Nexus.js
/home/trevor/xGraph/bin/linux/bin/xgraph
d

--Nexus/Initiate
ApexIndex {
  "D6E4ED85DA144459954DBC42BA850B5D": "Jungle.Modules.Server"
}
Setup {
  "D6E4ED85DA144459954DBC42BA850B5D": "Setup"
}
Start {
  "D6E4ED85DA144459954DBC42BA850B5D": "Start"
}
--Http/Setup
--Http/Start
Entity - Getting file scripts.json from Jungle.Modules.Server
Entity - Getting file Nxs.js from Jungle.Modules.Server

--Nexus/Run
--Get /Paint
Entity - Getting file jszip.min_3.1.3.js from Jungle.Modules.Server
Entity - Getting file async.js from Jungle.Modules.Server
--Http/GetModule Jungle.Modules.RootView
--Http/GetModule Jungle.Modules.3DView
--Http/GetModule Jungle.Modules.Modelx3D
--Http/GetModule Jungle.Modules.Mouse
=================================================
Genesis Setup:
/home/trevor/xGraph/bin/linux/bin/xgraph
c
Jungle=/home/trevor/Jungle/
{
  "Sources": {
    "Jungle": "/home/trevor/Jungle/"
  },
  "Modules": {
    "Server": {
      "Module": "Jungle.Modules.Server",
      "Source": "Jungle",
      "Par": {
        "ApexList": {},
        "Port": 8080,
        "Url": "Paint",
        "Config": "@file: browser.json",
        "HTML": "@file: Paint.html"
      }
    },
    "Deferred": [
      {
        "Module": "Jungle.Modules.RootView",
        "Source": "Jungle"
      },
      {
        "Module": "Jungle.Modules.3DView",
        "Source": "Jungle"
      },
      {
        "Module": "Jungle.Modules.Mouse",
        "Source": "Jungle"
      },
      {
        "Module": "Jungle.Modules.Popup",
        "Source": "Jungle"
      },
      {
        "Module": "Jungle.Modules.Modelx3D",
        "Source": "Jungle"
      }
    ]
  }
}
About to remove the cacheDir: "cache"
Removing the directory cache/Jungle.Modules.3DView
Removing the directory cache/Jungle.Modules.Modelx3D
Removing the directory cache/Jungle.Modules.Mouse
Removing the directory cache/Jungle.Modules.Popup
Removing the directory cache/Jungle.Modules.RootView
Removing the directory cache/Jungle.Modules.Server/D6E4ED85DA144459954DBC42BA850B5D
Removing the directory cache/Jungle.Modules.Server
Removing the directory cache
=================================================
Genesis Compile Start:
--refreshSystems: Updating and installing dependencies

dependencies installed correctly
Current working directory: /home/trevor/Jungle/Systems/00Example
--populate : Writing Cache to Disk
Writing Module Jungle.Modules.Server to cache
Writing Module Jungle.Modules.RootView to cache
Writing Module Jungle.Modules.3DView to cache
Writing Module Jungle.Modules.Mouse to cache
Writing Module Jungle.Modules.Popup to cache
Writing Module Jungle.Modules.Modelx3D to cache
Apex {
  "Server": "7C10CE0FFBF344229E71A2EAE8D80695",
  "Deferred": "ACB79714E7EF4376B0D2E3866F0C245A"
}
Server {
  "Module": "Jungle.Modules.Server",
  "Source": "Jungle",
  "Par": {
    "ApexList": {},
    "Port": 8080,
    "Url": "Paint",
    "Config": "@file: browser.json",
    "HTML": "@file: Paint.html"
  }
}
at switch @file
system path is set to .
Path is  /home/trevor/Jungle/Systems/00Example/browser.json
at switch @file
system path is set to .
Path is  /home/trevor/Jungle/Systems/00Example/Paint.html
Genesis Compile Stop: Mon Nov 06 2017 12:48:33 GMT-0500 (EST)
=================================================

=================================================
Nexus Warming Up:
/usr/bin/node
/home/trevor/xGraph/bin/linux/lib/Nexus/Nexus.js
/home/trevor/xGraph/bin/linux/bin/xgraph
d

--Nexus/Initiate
ApexIndex {
  "7C10CE0FFBF344229E71A2EAE8D80695": "Jungle.Modules.Server"
}
Setup {
  "7C10CE0FFBF344229E71A2EAE8D80695": "Setup"
}
Start {
  "7C10CE0FFBF344229E71A2EAE8D80695": "Start"
}
--Http/Setup
--Http/Start
Entity - Getting file scripts.json from Jungle.Modules.Server
Entity - Getting file Nxs.js from Jungle.Modules.Server

--Nexus/Run
--Get /Paint
Entity - Getting file jszip.min_3.1.3.js from Jungle.Modules.Server
Entity - Getting file async.js from Jungle.Modules.Server
--Http/GetModule Jungle.Modules.RootView
--Http/GetModule Jungle.Modules.3DView
--Http/GetModule Jungle.Modules.Modelx3D
--Http/GetModule Jungle.Modules.Mouse
=================================================
Nexus Warming Up:
/usr/bin/node
/home/trevor/xGraph/bin/linux/lib/Nexus/Nexus.js
/home/trevor/xGraph/bin/linux/bin/xgraph
d

--Nexus/Initiate
ApexIndex {
  "7C10CE0FFBF344229E71A2EAE8D80695": "Jungle.Modules.Server"
}
Setup {
  "7C10CE0FFBF344229E71A2EAE8D80695": "Setup"
}
Start {
  "7C10CE0FFBF344229E71A2EAE8D80695": "Start"
}
=================================================
Genesis Setup:
/home/trevor/xGraph/bin/linux/bin/xgraph
c
Jungle=/home/trevor/Jungle/
{
  "Sources": {
    "Jungle": "/home/trevor/Jungle/"
  },
  "Modules": {
    "Server": {
      "Module": "Jungle.Modules.Server",
      "Source": "Jungle",
      "Par": {
        "ApexList": {},
        "Port": 8080,
        "Url": "Paint",
        "Config": "@file: browser.json",
        "HTML": "@file: Paint.html"
      }
    },
    "Deferred": [
      {
        "Module": "Jungle.Modules.RootView",
        "Source": "Jungle"
      },
      {
        "Module": "Jungle.Modules.3DView",
        "Source": "Jungle"
      },
      {
        "Module": "Jungle.Modules.Mouse",
        "Source": "Jungle"
      },
      {
        "Module": "Jungle.Modules.Popup",
        "Source": "Jungle"
      },
      {
        "Module": "Jungle.Modules.Modelx3D",
        "Source": "Jungle"
      }
    ]
  }
}
About to remove the cacheDir: "cache"
Removing the directory cache/Jungle.Modules.3DView
Removing the directory cache/Jungle.Modules.Modelx3D
Removing the directory cache/Jungle.Modules.Mouse
Removing the directory cache/Jungle.Modules.Popup
Removing the directory cache/Jungle.Modules.RootView
Removing the directory cache/Jungle.Modules.Server
Removing the directory cache
=================================================
Genesis Compile Start:
Removing the directory cache/Jungle.Modules.Server/7C10CE0FFBF344229E71A2EAE8D80695
--refreshSystems: Updating and installing dependencies

dependencies installed correctly
Current working directory: /home/trevor/Jungle/Systems/00Example
--populate : Writing Cache to Disk
Writing Module Jungle.Modules.Server to cache
Writing Module Jungle.Modules.RootView to cache
Writing Module Jungle.Modules.3DView to cache
Writing Module Jungle.Modules.Mouse to cache
Writing Module Jungle.Modules.Popup to cache
Writing Module Jungle.Modules.Modelx3D to cache
Server {
  "Module": "Jungle.Modules.Server",
  "Source": "Jungle",
  "Par": {
    "ApexList": {},
    "Port": 8080,
    "Url": "Paint",
    "Config": "@file: browser.json",
    "HTML": "@file: Paint.html"
  }
}
Apex {
  "Server": "C666E2A0DE7A475FB2EA0443F669A935",
  "Deferred": "B5BF8D20E9B74558A9779BFC1F4E0F65"
}
at switch @file
system path is set to .
Path is  /home/trevor/Jungle/Systems/00Example/browser.json
at switch @file
system path is set to .
Path is  /home/trevor/Jungle/Systems/00Example/Paint.html
Genesis Compile Stop: Mon Nov 06 2017 12:50:10 GMT-0500 (EST)
=================================================

=================================================
Nexus Warming Up:
/usr/bin/node
/home/trevor/xGraph/bin/linux/lib/Nexus/Nexus.js
/home/trevor/xGraph/bin/linux/bin/xgraph
d

--Nexus/Initiate
ApexIndex {
  "C666E2A0DE7A475FB2EA0443F669A935": "Jungle.Modules.Server"
}
Setup {
  "C666E2A0DE7A475FB2EA0443F669A935": "Setup"
}
Start {
  "C666E2A0DE7A475FB2EA0443F669A935": "Start"
}
--Http/Setup
--Http/Start
Entity - Getting file scripts.json from Jungle.Modules.Server
Entity - Getting file Nxs.js from Jungle.Modules.Server

--Nexus/Run
--Get /Paint
Entity - Getting file jszip.min_3.1.3.js from Jungle.Modules.Server
Entity - Getting file async.js from Jungle.Modules.Server
--Http/GetModule Jungle.Modules.RootView
--Http/GetModule Jungle.Modules.3DView
--Http/GetModule Jungle.Modules.Modelx3D
--Http/GetModule Jungle.Modules.Mouse
=================================================
Genesis Setup:
/home/trevor/xGraph/bin/linux/bin/xgraph
c
Jungle=/home/trevor/Jungle/
{
  "Sources": {
    "Jungle": "/home/trevor/Jungle/"
  },
  "Modules": {
    "Server": {
      "Module": "Jungle.Modules.Server",
      "Source": "Jungle",
      "Par": {
        "ApexList": {},
        "Port": 8080,
        "Url": "Paint",
        "Config": "@file: browser.json",
        "HTML": "@file: Paint.html"
      }
    },
    "Deferred": [
      {
        "Module": "Jungle.Modules.RootView",
        "Source": "Jungle"
      },
      {
        "Module": "Jungle.Modules.3DView",
        "Source": "Jungle"
      },
      {
        "Module": "Jungle.Modules.Mouse",
        "Source": "Jungle"
      },
      {
        "Module": "Jungle.Modules.Popup",
        "Source": "Jungle"
      },
      {
        "Module": "Jungle.Modules.Modelx3D",
        "Source": "Jungle"
      }
    ]
  }
}
About to remove the cacheDir: "cache"
Removing the directory cache/Jungle.Modules.3DView
Removing the directory cache/Jungle.Modules.Modelx3D
Removing the directory cache/Jungle.Modules.Mouse
Removing the directory cache/Jungle.Modules.Popup
Removing the directory cache/Jungle.Modules.RootView
Removing the directory cache/Jungle.Modules.Server/C666E2A0DE7A475FB2EA0443F669A935
Removing the directory cache/Jungle.Modules.Server
Removing the directory cache
=================================================
Genesis Compile Start:
--refreshSystems: Updating and installing dependencies

dependencies installed correctly
Current working directory: /home/trevor/Jungle/Systems/00Example
--populate : Writing Cache to Disk
Writing Module Jungle.Modules.Server to cache
Writing Module Jungle.Modules.RootView to cache
Writing Module Jungle.Modules.3DView to cache
Writing Module Jungle.Modules.Mouse to cache
Writing Module Jungle.Modules.Popup to cache
Writing Module Jungle.Modules.Modelx3D to cache
Apex {
  "Server": "AA0AEEF2DABA459D98883B70B0358DBC",
  "Deferred": "9A1031813864430B92F52C2606DAE20F"
}
Server {
  "Module": "Jungle.Modules.Server",
  "Source": "Jungle",
  "Par": {
    "ApexList": {},
    "Port": 8080,
    "Url": "Paint",
    "Config": "@file: browser.json",
    "HTML": "@file: Paint.html"
  }
}
at switch @file
system path is set to .
Path is  /home/trevor/Jungle/Systems/00Example/browser.json
at switch @file
system path is set to .
Path is  /home/trevor/Jungle/Systems/00Example/Paint.html
Genesis Compile Stop: Mon Nov 06 2017 12:50:48 GMT-0500 (EST)
=================================================

=================================================
Nexus Warming Up:
/usr/bin/node
/home/trevor/xGraph/bin/linux/lib/Nexus/Nexus.js
/home/trevor/xGraph/bin/linux/bin/xgraph
d

--Nexus/Initiate
ApexIndex {
  "AA0AEEF2DABA459D98883B70B0358DBC": "Jungle.Modules.Server"
}
Setup {
  "AA0AEEF2DABA459D98883B70B0358DBC": "Setup"
}
Start {
  "AA0AEEF2DABA459D98883B70B0358DBC": "Start"
}
--Http/Setup
--Http/Start
Entity - Getting file scripts.json from Jungle.Modules.Server
Entity - Getting file Nxs.js from Jungle.Modules.Server

--Nexus/Run
 ** ERR:<cache/Jungle.Modules.Server/AA0AEEF2DABA459D98883B70B0358DBC/C666E2A0DE7A475FB2EA0443F669A935.json> unavailable
 ** ERR:Unavailable
{
  "Cmd": "GetModule",
  "Module": "Jungle.Modules.Popup",
  "Passport": {
    "Pid": "AF07D9BB2667BFB33DE887FC0D3D9C3E",
    "To": "C666E2A0DE7A475FB2EA0443F669A935",
    "Apex": "AA0AEEF2DABA459D98883B70B0358DBC",
    "From": "AA0AEEF2DABA459D98883B70B0358DBC"
  }
}
--Get /Paint
Entity - Getting file jszip.min_3.1.3.js from Jungle.Modules.Server
Entity - Getting file async.js from Jungle.Modules.Server
--Http/GetModule Jungle.Modules.RootView
--Http/GetModule Jungle.Modules.3DView
--Http/GetModule Jungle.Modules.Modelx3D
--Http/GetModule Jungle.Modules.Mouse
=================================================
Genesis Setup:
/home/trevor/xGraph/bin/linux/bin/xgraph
c
Jungle=/home/trevor/Jungle/
{
  "Sources": {
    "Jungle": "/home/trevor/Jungle/"
  },
  "Modules": {
    "Server": {
      "Module": "Jungle.Modules.Server",
      "Source": "Jungle",
      "Par": {
        "ApexList": {},
        "Port": 8080,
        "Url": "Paint",
        "Config": "@file: browser.json",
        "HTML": "@file: Paint.html"
      }
    },
    "Deferred": [
      {
        "Module": "Jungle.Modules.RootView",
        "Source": "Jungle"
      },
      {
        "Module": "Jungle.Modules.3DView",
        "Source": "Jungle"
      },
      {
        "Module": "Jungle.Modules.Mouse",
        "Source": "Jungle"
      },
      {
        "Module": "Jungle.Modules.Popup",
        "Source": "Jungle"
      },
      {
        "Module": "Jungle.Modules.Modelx3D",
        "Source": "Jungle"
      }
    ]
  }
}
About to remove the cacheDir: "cache"
Removing the directory cache/Jungle.Modules.3DView
Removing the directory cache/Jungle.Modules.Modelx3D
Removing the directory cache/Jungle.Modules.Mouse
Removing the directory cache/Jungle.Modules.Popup
Removing the directory cache/Jungle.Modules.RootView
Removing the directory cache/Jungle.Modules.Server/AA0AEEF2DABA459D98883B70B0358DBC
Removing the directory cache/Jungle.Modules.Server
Removing the directory cache
=================================================
Genesis Compile Start:
--refreshSystems: Updating and installing dependencies

dependencies installed correctly
Current working directory: /home/trevor/Jungle/Systems/00Example
--populate : Writing Cache to Disk
Writing Module Jungle.Modules.Server to cache
Writing Module Jungle.Modules.RootView to cache
Writing Module Jungle.Modules.3DView to cache
Writing Module Jungle.Modules.Mouse to cache
Writing Module Jungle.Modules.Popup to cache
Writing Module Jungle.Modules.Modelx3D to cache
Apex {
  "Server": "D76D319CEB954FB2919578675315BDC2",
  "Deferred": "5EBFA89F59184F5E8B5E65DCB0DC97AE"
}
Server {
  "Module": "Jungle.Modules.Server",
  "Source": "Jungle",
  "Par": {
    "ApexList": {},
    "Port": 8080,
    "Url": "Paint",
    "Config": "@file: browser.json",
    "HTML": "@file: Paint.html"
  }
}
at switch @file
system path is set to .
Path is  /home/trevor/Jungle/Systems/00Example/browser.json
at switch @file
system path is set to .
Path is  /home/trevor/Jungle/Systems/00Example/Paint.html
Genesis Compile Stop: Mon Nov 06 2017 12:52:18 GMT-0500 (EST)
=================================================

=================================================
Nexus Warming Up:
/usr/bin/node
/home/trevor/xGraph/bin/linux/lib/Nexus/Nexus.js
/home/trevor/xGraph/bin/linux/bin/xgraph
d

--Nexus/Initiate
ApexIndex {
  "D76D319CEB954FB2919578675315BDC2": "Jungle.Modules.Server"
}
Setup {
  "D76D319CEB954FB2919578675315BDC2": "Setup"
}
Start {
  "D76D319CEB954FB2919578675315BDC2": "Start"
}
--Http/Setup

--Nexus/Run
--Http/Start
Entity - Getting file scripts.json from Jungle.Modules.Server
Entity - Getting file Nxs.js from Jungle.Modules.Server
--Get /Paint
Entity - Getting file jszip.min_3.1.3.js from Jungle.Modules.Server
Entity - Getting file async.js from Jungle.Modules.Server
--Http/GetModule Jungle.Modules.RootView
--Http/GetModule Jungle.Modules.3DView
--Http/GetModule Jungle.Modules.Modelx3D
--Http/GetModule Jungle.Modules.Mouse
Genesis Setup:
/home/trevor/xGraph/bin/linux/bin/xgraph
=================================================
c
Jungle=/home/trevor/Jungle/
{
  "Sources": {
    "Jungle": "/home/trevor/Jungle/"
  },
  "Modules": {
    "Server": {
      "Module": "Jungle.Modules.Server",
      "Source": "Jungle",
      "Par": {
        "ApexList": {},
        "Port": 8080,
        "Url": "Paint",
        "Config": "@file: browser.json",
        "HTML": "@file: Paint.html"
      }
    },
    "Deferred": [
      {
        "Module": "Jungle.Modules.RootView",
        "Source": "Jungle"
      },
      {
        "Module": "Jungle.Modules.3DView",
        "Source": "Jungle"
      },
      {
        "Module": "Jungle.Modules.Mouse",
        "Source": "Jungle"
      },
      {
        "Module": "Jungle.Modules.Popup",
        "Source": "Jungle"
      },
      {
        "Module": "Jungle.Modules.Modelx3D",
        "Source": "Jungle"
      }
    ]
  }
}
About to remove the cacheDir: "cache"
Removing the directory cache/Jungle.Modules.3DView
Removing the directory cache/Jungle.Modules.Modelx3D
Removing the directory cache/Jungle.Modules.Mouse
Removing the directory cache/Jungle.Modules.Popup
Removing the directory cache/Jungle.Modules.RootView
Removing the directory cache/Jungle.Modules.Server/D76D319CEB954FB2919578675315BDC2
Removing the directory cache/Jungle.Modules.Server
Removing the directory cache
=================================================
Genesis Compile Start:
--refreshSystems: Updating and installing dependencies

dependencies installed correctly
Current working directory: /home/trevor/Jungle/Systems/00Example
--populate : Writing Cache to Disk
Writing Module Jungle.Modules.Server to cache
Writing Module Jungle.Modules.RootView to cache
Writing Module Jungle.Modules.3DView to cache
Writing Module Jungle.Modules.Mouse to cache
Writing Module Jungle.Modules.Popup to cache
Writing Module Jungle.Modules.Modelx3D to cache
Apex {
  "Server": "4E4AE3F77DA94A7A995AB8C312B4DEB6",
  "Deferred": "14BD88BFAA7B4678AEE533936EF6B6DF"
}
Server {
  "Module": "Jungle.Modules.Server",
  "Source": "Jungle",
  "Par": {
    "ApexList": {},
    "Port": 8080,
    "Url": "Paint",
    "Config": "@file: browser.json",
    "HTML": "@file: Paint.html"
  }
}
at switch @file
system path is set to .
Path is  /home/trevor/Jungle/Systems/00Example/browser.json
at switch @file
system path is set to .
Path is  /home/trevor/Jungle/Systems/00Example/Paint.html
Genesis Compile Stop: Mon Nov 06 2017 12:53:57 GMT-0500 (EST)
=================================================

=================================================
Nexus Warming Up:
/usr/bin/node
/home/trevor/xGraph/bin/linux/lib/Nexus/Nexus.js
/home/trevor/xGraph/bin/linux/bin/xgraph
d

--Nexus/Initiate
ApexIndex {
  "4E4AE3F77DA94A7A995AB8C312B4DEB6": "Jungle.Modules.Server"
}
Setup {
  "4E4AE3F77DA94A7A995AB8C312B4DEB6": "Setup"
}
Start {
  "4E4AE3F77DA94A7A995AB8C312B4DEB6": "Start"
}
--Http/Setup
--Http/Start
Entity - Getting file scripts.json from Jungle.Modules.Server
Entity - Getting file Nxs.js from Jungle.Modules.Server

--Nexus/Run
--Get /Paint
Entity - Getting file jszip.min_3.1.3.js from Jungle.Modules.Server
Entity - Getting file async.js from Jungle.Modules.Server
--Http/GetModule Jungle.Modules.RootView
--Http/GetModule Jungle.Modules.3DView
--Http/GetModule Jungle.Modules.Modelx3D
--Http/GetModule Jungle.Modules.Mouse
--Http/GetModule Jungle.Modules.Popup
--Http/GetModule Jungle.Modules.Popup
--Http/GetModule Jungle.Modules.Popup
--Http/GetModule Jungle.Modules.Popup
--Http/GetModule Jungle.Modules.Popup
--Http/GetModule Jungle.Modules.Popup
=================================================
Genesis Setup:
/home/trevor/xGraph/bin/linux/bin/xgraph
c
Jungle=/home/trevor/Jungle/
{
  "Sources": {
    "Jungle": "/home/trevor/Jungle/"
  },
  "Modules": {
    "Server": {
      "Module": "Jungle.Modules.Server",
      "Source": "Jungle",
      "Par": {
        "ApexList": {},
        "Port": 8080,
        "Url": "Paint",
        "Config": "@file: browser.json",
        "HTML": "@file: Paint.html"
      }
    },
    "Deferred": [
      {
        "Module": "Jungle.Modules.RootView",
        "Source": "Jungle"
      },
      {
        "Module": "Jungle.Modules.3DView",
        "Source": "Jungle"
      },
      {
        "Module": "Jungle.Modules.Mouse",
        "Source": "Jungle"
      },
      {
        "Module": "Jungle.Modules.Popup",
        "Source": "Jungle"
      },
      {
        "Module": "Jungle.Modules.Modelx3D",
        "Source": "Jungle"
      }
    ]
  }
}
Removing the directory cache/Jungle.Modules.3DView
About to remove the cacheDir: "cache"
Removing the directory cache/Jungle.Modules.Modelx3D
Removing the directory cache/Jungle.Modules.Mouse
Removing the directory cache/Jungle.Modules.Popup
Removing the directory cache/Jungle.Modules.Server/4E4AE3F77DA94A7A995AB8C312B4DEB6
Removing the directory cache/Jungle.Modules.RootView
Removing the directory cache/Jungle.Modules.Server
Removing the directory cache
=================================================
Genesis Compile Start:
--refreshSystems: Updating and installing dependencies

dependencies installed correctly
Current working directory: /home/trevor/Jungle/Systems/00Example
--populate : Writing Cache to Disk
Writing Module Jungle.Modules.Server to cache
Writing Module Jungle.Modules.RootView to cache
Writing Module Jungle.Modules.3DView to cache
Writing Module Jungle.Modules.Mouse to cache
Writing Module Jungle.Modules.Popup to cache
Writing Module Jungle.Modules.Modelx3D to cache
Apex {
  "Server": "B6EF27585B8E48C6A75392178A3C3E95",
  "Deferred": "4F9DE209562D4BD8B1ABE7B7A2DD3E4F"
}
Server {
  "Module": "Jungle.Modules.Server",
  "Source": "Jungle",
  "Par": {
    "ApexList": {},
    "Port": 8080,
    "Url": "Paint",
    "Config": "@file: browser.json",
    "HTML": "@file: Paint.html"
  }
}
at switch @file
system path is set to .
Path is  /home/trevor/Jungle/Systems/00Example/browser.json
at switch @file
system path is set to .
Path is  /home/trevor/Jungle/Systems/00Example/Paint.html
Genesis Compile Stop: Mon Nov 06 2017 12:55:26 GMT-0500 (EST)
=================================================

=================================================
Nexus Warming Up:
/usr/bin/node
/home/trevor/xGraph/bin/linux/lib/Nexus/Nexus.js
/home/trevor/xGraph/bin/linux/bin/xgraph
d

--Nexus/Initiate
ApexIndex {
  "B6EF27585B8E48C6A75392178A3C3E95": "Jungle.Modules.Server"
}
Setup {
  "B6EF27585B8E48C6A75392178A3C3E95": "Setup"
}
Start {
  "B6EF27585B8E48C6A75392178A3C3E95": "Start"
}
--Http/Setup
--Http/Start
Entity - Getting file scripts.json from Jungle.Modules.Server
Entity - Getting file Nxs.js from Jungle.Modules.Server

--Nexus/Run
 ** ERR:<cache/Jungle.Modules.Server/B6EF27585B8E48C6A75392178A3C3E95/4E4AE3F77DA94A7A995AB8C312B4DEB6.json> unavailable
 ** ERR:Unavailable
{
  "Cmd": "GetModule",
  "Module": "Jungle.Modules.Popup",
  "Passport": {
    "Pid": "25FC0DAFCEFA1E7937596C51EE0BDB16",
    "To": "4E4AE3F77DA94A7A995AB8C312B4DEB6",
    "Apex": "B6EF27585B8E48C6A75392178A3C3E95",
    "From": "B6EF27585B8E48C6A75392178A3C3E95"
  }
}
--Get /Paint
Entity - Getting file jszip.min_3.1.3.js from Jungle.Modules.Server
Entity - Getting file async.js from Jungle.Modules.Server
--Http/GetModule Jungle.Modules.RootView
--Http/GetModule Jungle.Modules.3DView
--Http/GetModule Jungle.Modules.Modelx3D
--Http/GetModule Jungle.Modules.Mouse
--Http/GetModule Jungle.Modules.Popup
--Http/GetModule Jungle.Modules.Popup
--Http/GetModule Jungle.Modules.Popup
--Http/GetModule Jungle.Modules.Popup
--Http/GetModule Jungle.Modules.Popup
--Http/GetModule Jungle.Modules.Popup
--Http/GetModule Jungle.Modules.Popup
--Http/GetModule Jungle.Modules.Popup
--Http/GetModule Jungle.Modules.Popup
--Http/GetModule Jungle.Modules.Popup
--Http/GetModule Jungle.Modules.Popup
--Get /Paint
Entity - Getting file jszip.min_3.1.3.js from Jungle.Modules.Server
Entity - Getting file async.js from Jungle.Modules.Server
--Http/GetModule Jungle.Modules.RootView
--Http/GetModule Jungle.Modules.3DView
--Http/GetModule Jungle.Modules.Modelx3D
--Http/GetModule Jungle.Modules.Mouse
--Http/GetModule Jungle.Modules.Popup
--Http/GetModule Jungle.Modules.Popup
--Http/GetModule Jungle.Modules.Popup
=================================================
Genesis Setup:
/home/trevor/xGraph/bin/linux/bin/xgraph
c
Jungle=/home/trevor/Jungle/
{
  "Sources": {
    "Jungle": "/home/trevor/Jungle/"
  },
  "Modules": {
    "Server": {
      "Module": "Jungle.Modules.Server",
      "Source": "Jungle",
      "Par": {
        "ApexList": {},
        "Port": 8080,
        "Url": "Paint",
        "Config": "@file: browser.json",
        "HTML": "@file: Paint.html"
      }
    },
    "Deferred": [
      {
        "Module": "Jungle.Modules.RootView",
        "Source": "Jungle"
      },
      {
        "Module": "Jungle.Modules.3DView",
        "Source": "Jungle"
      },
      {
        "Module": "Jungle.Modules.Mouse",
        "Source": "Jungle"
      },
      {
        "Module": "Jungle.Modules.Popup",
        "Source": "Jungle"
      },
      {
        "Module": "Jungle.Modules.Modelx3D",
        "Source": "Jungle"
      }
    ]
  }
}
About to remove the cacheDir: "cache"
Removing the directory cache/Jungle.Modules.3DView
Removing the directory cache/Jungle.Modules.Modelx3D
Removing the directory cache/Jungle.Modules.Mouse
Removing the directory cache/Jungle.Modules.Popup
Removing the directory cache/Jungle.Modules.RootView
Removing the directory cache/Jungle.Modules.Server/B6EF27585B8E48C6A75392178A3C3E95
Removing the directory cache/Jungle.Modules.Server
Removing the directory cache
=================================================
Genesis Compile Start:
--refreshSystems: Updating and installing dependencies

dependencies installed correctly
Current working directory: /home/trevor/Jungle/Systems/00Example
--populate : Writing Cache to Disk
Writing Module Jungle.Modules.Server to cache
Writing Module Jungle.Modules.RootView to cache
Writing Module Jungle.Modules.3DView to cache
Writing Module Jungle.Modules.Mouse to cache
Writing Module Jungle.Modules.Popup to cache
Writing Module Jungle.Modules.Modelx3D to cache
Apex {
  "Server": "C7EDE3F4E6614DEDA46A672C3D716D2E",
  "Deferred": "3079AB63190C4E1B921B9457D7E522B6"
}
Server {
  "Module": "Jungle.Modules.Server",
  "Source": "Jungle",
  "Par": {
    "ApexList": {},
    "Port": 8080,
    "Url": "Paint",
    "Config": "@file: browser.json",
    "HTML": "@file: Paint.html"
  }
}
at switch @file
system path is set to .
Path is  /home/trevor/Jungle/Systems/00Example/browser.json
at switch @file
system path is set to .
Path is  /home/trevor/Jungle/Systems/00Example/Paint.html
Genesis Compile Stop: Mon Nov 06 2017 12:57:02 GMT-0500 (EST)
=================================================

=================================================
Nexus Warming Up:
/usr/bin/node
/home/trevor/xGraph/bin/linux/lib/Nexus/Nexus.js
/home/trevor/xGraph/bin/linux/bin/xgraph
d

--Nexus/Initiate
ApexIndex {
  "C7EDE3F4E6614DEDA46A672C3D716D2E": "Jungle.Modules.Server"
}
Setup {
  "C7EDE3F4E6614DEDA46A672C3D716D2E": "Setup"
}
Start {
  "C7EDE3F4E6614DEDA46A672C3D716D2E": "Start"
}
--Http/Setup
--Http/Start
Entity - Getting file scripts.json from Jungle.Modules.Server
Entity - Getting file Nxs.js from Jungle.Modules.Server

--Nexus/Run
--Get /Paint
Entity - Getting file jszip.min_3.1.3.js from Jungle.Modules.Server
Entity - Getting file async.js from Jungle.Modules.Server
--Http/GetModule Jungle.Modules.RootView
--Http/GetModule Jungle.Modules.3DView
--Http/GetModule Jungle.Modules.Modelx3D
--Http/GetModule Jungle.Modules.Mouse
--Http/GetModule Jungle.Modules.Popup
--Http/GetModule Jungle.Modules.Popup
--Http/GetModule Jungle.Modules.Popup
--Http/GetModule Jungle.Modules.Popup
=================================================
Genesis Setup:
/home/trevor/xGraph/bin/linux/bin/xgraph
c
Jungle=/home/trevor/Jungle/
{
  "Sources": {
    "Jungle": "/home/trevor/Jungle/"
  },
  "Modules": {
    "Server": {
      "Module": "Jungle.Modules.Server",
      "Source": "Jungle",
      "Par": {
        "ApexList": {},
        "Port": 8080,
        "Url": "Paint",
        "Config": "@file: browser.json",
        "HTML": "@file: Paint.html"
      }
    },
    "Deferred": [
      {
        "Module": "Jungle.Modules.RootView",
        "Source": "Jungle"
      },
      {
        "Module": "Jungle.Modules.3DView",
        "Source": "Jungle"
      },
      {
        "Module": "Jungle.Modules.Mouse",
        "Source": "Jungle"
      },
      {
        "Module": "Jungle.Modules.Popup",
        "Source": "Jungle"
      },
      {
        "Module": "Jungle.Modules.Modelx3D",
        "Source": "Jungle"
      }
    ]
  }
}
About to remove the cacheDir: "cache"
Removing the directory cache/Jungle.Modules.3DView
Removing the directory cache/Jungle.Modules.Modelx3D
Removing the directory cache/Jungle.Modules.Mouse
Removing the directory cache/Jungle.Modules.Popup
Removing the directory cache/Jungle.Modules.RootView
Removing the directory cache/Jungle.Modules.Server/C7EDE3F4E6614DEDA46A672C3D716D2E
Removing the directory cache/Jungle.Modules.Server
Removing the directory cache
=================================================
Genesis Compile Start:
--refreshSystems: Updating and installing dependencies

dependencies installed correctly
Current working directory: /home/trevor/Jungle/Systems/00Example
--populate : Writing Cache to Disk
Writing Module Jungle.Modules.Server to cache
Writing Module Jungle.Modules.RootView to cache
Writing Module Jungle.Modules.3DView to cache
Writing Module Jungle.Modules.Mouse to cache
Writing Module Jungle.Modules.Popup to cache
Writing Module Jungle.Modules.Modelx3D to cache
Apex {
  "Server": "DC1A158A198C42858CF151C930D0A452",
  "Deferred": "FDC38C29338C436E8AE3D56E5EE163BB"
}
Server {
  "Module": "Jungle.Modules.Server",
  "Source": "Jungle",
  "Par": {
    "ApexList": {},
    "Port": 8080,
    "Url": "Paint",
    "Config": "@file: browser.json",
    "HTML": "@file: Paint.html"
  }
}
at switch @file
system path is set to .
Path is  /home/trevor/Jungle/Systems/00Example/browser.json
at switch @file
system path is set to .
Path is  /home/trevor/Jungle/Systems/00Example/Paint.html
Genesis Compile Stop: Mon Nov 06 2017 12:58:27 GMT-0500 (EST)
=================================================

=================================================
Nexus Warming Up:
/usr/bin/node
/home/trevor/xGraph/bin/linux/lib/Nexus/Nexus.js
/home/trevor/xGraph/bin/linux/bin/xgraph
d

--Nexus/Initiate
ApexIndex {
  "DC1A158A198C42858CF151C930D0A452": "Jungle.Modules.Server"
}
Setup {
  "DC1A158A198C42858CF151C930D0A452": "Setup"
}
Start {
  "DC1A158A198C42858CF151C930D0A452": "Start"
}
--Http/Setup
--Http/Start
Entity - Getting file scripts.json from Jungle.Modules.Server
Entity - Getting file Nxs.js from Jungle.Modules.Server

--Nexus/Run
--Get /Paint
Entity - Getting file jszip.min_3.1.3.js from Jungle.Modules.Server
Entity - Getting file async.js from Jungle.Modules.Server
--Http/GetModule Jungle.Modules.RootView
--Http/GetModule Jungle.Modules.3DView
--Http/GetModule Jungle.Modules.Modelx3D
--Http/GetModule Jungle.Modules.Mouse
--Http/GetModule Jungle.Modules.Popup
--Http/GetModule Jungle.Modules.Popup
--Http/GetModule Jungle.Modules.Popup
=================================================
Genesis Setup:
/home/trevor/xGraph/bin/linux/bin/xgraph
c
Jungle=/home/trevor/Jungle/
{
  "Sources": {
    "Jungle": "/home/trevor/Jungle/"
  },
  "Modules": {
    "Server": {
      "Module": "Jungle.Modules.Server",
      "Source": "Jungle",
      "Par": {
        "ApexList": {},
        "Port": 8080,
        "Url": "Paint",
        "Config": "@file: browser.json",
        "HTML": "@file: Paint.html"
      }
    },
    "Deferred": [
      {
        "Module": "Jungle.Modules.RootView",
        "Source": "Jungle"
      },
      {
        "Module": "Jungle.Modules.3DView",
        "Source": "Jungle"
      },
      {
        "Module": "Jungle.Modules.Mouse",
        "Source": "Jungle"
      },
      {
        "Module": "Jungle.Modules.Popup",
        "Source": "Jungle"
      },
      {
        "Module": "Jungle.Modules.Modelx3D",
        "Source": "Jungle"
      }
    ]
  }
}
About to remove the cacheDir: "cache"
Removing the directory cache/Jungle.Modules.3DView
Removing the directory cache/Jungle.Modules.Modelx3D
Removing the directory cache/Jungle.Modules.Mouse
Removing the directory cache/Jungle.Modules.Popup
Removing the directory cache/Jungle.Modules.RootView
Removing the directory cache/Jungle.Modules.Server/DC1A158A198C42858CF151C930D0A452
Removing the directory cache/Jungle.Modules.Server
Removing the directory cache
=================================================
Genesis Compile Start:
--refreshSystems: Updating and installing dependencies

dependencies installed correctly
Current working directory: /home/trevor/Jungle/Systems/00Example
--populate : Writing Cache to Disk
Writing Module Jungle.Modules.Server to cache
Writing Module Jungle.Modules.RootView to cache
Writing Module Jungle.Modules.3DView to cache
Writing Module Jungle.Modules.Mouse to cache
Writing Module Jungle.Modules.Popup to cache
Writing Module Jungle.Modules.Modelx3D to cache
Apex {
  "Server": "18B8CC33E39445DA900F942F364B09A0",
  "Deferred": "CC6BAC99023A4D3DA047A8C2C359F0EB"
}
Server {
  "Module": "Jungle.Modules.Server",
  "Source": "Jungle",
  "Par": {
    "ApexList": {},
    "Port": 8080,
    "Url": "Paint",
    "Config": "@file: browser.json",
    "HTML": "@file: Paint.html"
  }
}
at switch @file
system path is set to .
Path is  /home/trevor/Jungle/Systems/00Example/browser.json
at switch @file
system path is set to .
Path is  /home/trevor/Jungle/Systems/00Example/Paint.html
Genesis Compile Stop: Mon Nov 06 2017 13:02:52 GMT-0500 (EST)
=================================================

=================================================
Genesis Setup:
/home/trevor/xGraph/bin/linux/bin/xgraph
c
Jungle=/home/trevor/Jungle/
{
  "Sources": {
    "Jungle": "/home/trevor/Jungle/"
  },
  "Modules": {
    "Server": {
      "Module": "Jungle.Modules.Server",
      "Source": "Jungle",
      "Par": {
        "ApexList": {},
        "Port": 8080,
        "Url": "Paint",
        "Config": "@file: browser.json",
        "HTML": "@file: Paint.html"
      }
    },
    "Deferred": [
      {
        "Module": "Jungle.Modules.RootView",
        "Source": "Jungle"
      },
      {
        "Module": "Jungle.Modules.3DView",
        "Source": "Jungle"
      },
      {
        "Module": "Jungle.Modules.Mouse",
        "Source": "Jungle"
      },
      {
        "Module": "Jungle.Modules.Popup",
        "Source": "Jungle"
      },
      {
        "Module": "Jungle.Modules.Modelx3D",
        "Source": "Jungle"
      }
    ]
  }
}
About to remove the cacheDir: "cache"
Removing the directory cache/Jungle.Modules.3DView
Removing the directory cache/Jungle.Modules.Modelx3D
Removing the directory cache/Jungle.Modules.Mouse
Removing the directory cache/Jungle.Modules.Popup
Removing the directory cache/Jungle.Modules.RootView
Removing the directory cache/Jungle.Modules.Server/18B8CC33E39445DA900F942F364B09A0
Removing the directory cache/Jungle.Modules.Server
Removing the directory cache
=================================================
Genesis Compile Start:
--refreshSystems: Updating and installing dependencies

dependencies installed correctly
Current working directory: /home/trevor/Jungle/Systems/00Example
--populate : Writing Cache to Disk
Writing Module Jungle.Modules.Server to cache
Writing Module Jungle.Modules.RootView to cache
Writing Module Jungle.Modules.3DView to cache
Writing Module Jungle.Modules.Mouse to cache
Writing Module Jungle.Modules.Popup to cache
Writing Module Jungle.Modules.Modelx3D to cache
Apex {
  "Server": "000F6D8948774372A761F934AF853C27",
  "Deferred": "9C28FBB96C92455C856D1ABBD5632AE9"
}
Server {
  "Module": "Jungle.Modules.Server",
  "Source": "Jungle",
  "Par": {
    "ApexList": {},
    "Port": 8080,
    "Url": "Paint",
    "Config": "@file: browser.json",
    "HTML": "@file: Paint.html"
  }
}
at switch @file
system path is set to .
Path is  /home/trevor/Jungle/Systems/00Example/browser.json
at switch @file
system path is set to .
Path is  /home/trevor/Jungle/Systems/00Example/Paint.html
Genesis Compile Stop: Mon Nov 06 2017 13:03:26 GMT-0500 (EST)
=================================================

=================================================
Nexus Warming Up:
/usr/bin/node
/home/trevor/xGraph/bin/linux/lib/Nexus/Nexus.js
/home/trevor/xGraph/bin/linux/bin/xgraph
d

--Nexus/Initiate
ApexIndex {
  "000F6D8948774372A761F934AF853C27": "Jungle.Modules.Server"
}
Setup {
  "000F6D8948774372A761F934AF853C27": "Setup"
}
Start {
  "000F6D8948774372A761F934AF853C27": "Start"
}
--Http/Setup
--Http/Start
Entity - Getting file scripts.json from Jungle.Modules.Server
Entity - Getting file Nxs.js from Jungle.Modules.Server

--Nexus/Run
--Get /Paint
Entity - Getting file jszip.min_3.1.3.js from Jungle.Modules.Server
Entity - Getting file async.js from Jungle.Modules.Server
--Http/GetModule Jungle.Modules.RootView
--Http/GetModule Jungle.Modules.3DView
--Http/GetModule Jungle.Modules.Modelx3D
--Http/GetModule Jungle.Modules.Mouse
--Http/GetModule Jungle.Modules.Popup
--Http/GetModule Jungle.Modules.3DView
--Http/GetModule Jungle.Modules.Mouse
--Http/GetModule Jungle.Modules.Modelx3D
--Http/GetModule Jungle.Modules.Popup
--Http/GetModule Jungle.Modules.3DView
--Http/GetModule Jungle.Modules.Mouse
--Http/GetModule Jungle.Modules.Modelx3D
--Http/GetModule Jungle.Modules.Popup
--Http/GetModule Jungle.Modules.3DView
--Http/GetModule Jungle.Modules.Mouse
--Http/GetModule Jungle.Modules.Modelx3D
--Http/GetModule Jungle.Modules.Popup
--Http/GetModule Jungle.Modules.3DView
--Http/GetModule Jungle.Modules.Mouse
--Http/GetModule Jungle.Modules.Modelx3D
=================================================
Genesis Setup:
/home/trevor/xGraph/bin/linux/bin/xgraph
c
Jungle=/home/trevor/Jungle/
{
  "Sources": {
    "Jungle": "/home/trevor/Jungle/"
  },
  "Modules": {
    "Server": {
      "Module": "Jungle.Modules.Server",
      "Source": "Jungle",
      "Par": {
        "ApexList": {},
        "Port": 8080,
        "Url": "Paint",
        "Config": "@file: browser.json",
        "HTML": "@file: Paint.html"
      }
    },
    "Deferred": [
      {
        "Module": "Jungle.Modules.RootView",
        "Source": "Jungle"
      },
      {
        "Module": "Jungle.Modules.3DView",
        "Source": "Jungle"
      },
      {
        "Module": "Jungle.Modules.Mouse",
        "Source": "Jungle"
      },
      {
        "Module": "Jungle.Modules.Popup",
        "Source": "Jungle"
      },
      {
        "Module": "Jungle.Modules.Modelx3D",
        "Source": "Jungle"
      }
    ]
  }
}
About to remove the cacheDir: "cache"
Removing the directory cache/Jungle.Modules.3DView
Removing the directory cache/Jungle.Modules.Modelx3D
Removing the directory cache/Jungle.Modules.Mouse
Removing the directory cache/Jungle.Modules.Popup
Removing the directory cache/Jungle.Modules.RootView
Removing the directory cache/Jungle.Modules.Server/000F6D8948774372A761F934AF853C27
Removing the directory cache/Jungle.Modules.Server
Removing the directory cache
=================================================
Genesis Compile Start:
--refreshSystems: Updating and installing dependencies

dependencies installed correctly
Current working directory: /home/trevor/Jungle/Systems/00Example
--populate : Writing Cache to Disk
Writing Module Jungle.Modules.Server to cache
Writing Module Jungle.Modules.RootView to cache
Writing Module Jungle.Modules.3DView to cache
Writing Module Jungle.Modules.Mouse to cache
Writing Module Jungle.Modules.Popup to cache
Writing Module Jungle.Modules.Modelx3D to cache
Apex {
  "Server": "74C8EB68598A43F8A7C1F148CE0D67B0",
  "Deferred": "A156D5DFD3C342BAA09C44CA2265F85E"
}
Server {
  "Module": "Jungle.Modules.Server",
  "Source": "Jungle",
  "Par": {
    "ApexList": {},
    "Port": 8080,
    "Url": "Paint",
    "Config": "@file: browser.json",
    "HTML": "@file: Paint.html"
  }
}
at switch @file
system path is set to .
Path is  /home/trevor/Jungle/Systems/00Example/browser.json
at switch @file
system path is set to .
Path is  /home/trevor/Jungle/Systems/00Example/Paint.html
Genesis Compile Stop: Mon Nov 06 2017 13:07:35 GMT-0500 (EST)
=================================================

=================================================
Nexus Warming Up:
/usr/bin/node
/home/trevor/xGraph/bin/linux/lib/Nexus/Nexus.js
/home/trevor/xGraph/bin/linux/bin/xgraph
d

--Nexus/Initiate
ApexIndex {
  "74C8EB68598A43F8A7C1F148CE0D67B0": "Jungle.Modules.Server"
}
Setup {
  "74C8EB68598A43F8A7C1F148CE0D67B0": "Setup"
}
Start {
  "74C8EB68598A43F8A7C1F148CE0D67B0": "Start"
}
--Http/Setup
--Http/Start
Entity - Getting file scripts.json from Jungle.Modules.Server
Entity - Getting file Nxs.js from Jungle.Modules.Server

--Nexus/Run
--Get /Paint
Entity - Getting file jszip.min_3.1.3.js from Jungle.Modules.Server
Entity - Getting file async.js from Jungle.Modules.Server
--Http/GetModule Jungle.Modules.RootView
--Http/GetModule Jungle.Modules.3DView
--Http/GetModule Jungle.Modules.Modelx3D
--Http/GetModule Jungle.Modules.Mouse
--Http/GetModule Jungle.Modules.Popup
--Http/GetModule Jungle.Modules.3DView
--Http/GetModule Jungle.Modules.Mouse
--Http/GetModule Jungle.Modules.Modelx3D
--Http/GetModule Jungle.Modules.Popup
--Http/GetModule Jungle.Modules.3DView
--Http/GetModule Jungle.Modules.Popup
--Http/GetModule Jungle.Modules.Mouse
--Http/GetModule Jungle.Modules.Modelx3D
--Http/GetModule Jungle.Modules.3DView
--Http/GetModule Jungle.Modules.Mouse
--Http/GetModule Jungle.Modules.Modelx3D
--Http/GetModule Jungle.Modules.Popup
--Http/GetModule Jungle.Modules.3DView
--Http/GetModule Jungle.Modules.Mouse
--Http/GetModule Jungle.Modules.Modelx3D
--Http/GetModule Jungle.Modules.Popup
--Http/GetModule Jungle.Modules.3DView
--Http/GetModule Jungle.Modules.Mouse
--Http/GetModule Jungle.Modules.Modelx3D
--Http/GetModule Jungle.Modules.Popup
--Http/GetModule Jungle.Modules.3DView
--Http/GetModule Jungle.Modules.Mouse
--Http/GetModule Jungle.Modules.Modelx3D
=================================================
Genesis Setup:
/usr/local/bin/node
/home/trevor/Jungle/Core/Genesis.js
=================================================
Genesis Setup:
/usr/local/bin/node
/home/trevor/Jungle/Core/Genesis.js
Jungle=/home/trevor/Jungle
{
  "Sources": {
    "Jungle": "/home/trevor/Jungle"
  },
  "Modules": {
    "Server": {
      "Module": "Jungle.Modules.Server",
      "Source": "Jungle",
      "Par": {
        "ApexList": {},
        "Port": 8080,
        "Url": "Paint",
        "Config": "@file: browser.json",
        "HTML": "@file: Paint.html"
      }
    },
    "Deferred": [
      {
        "Module": "Jungle.Modules.RootView",
        "Source": "Jungle"
      },
      {
        "Module": "Jungle.Modules.3DView",
        "Source": "Jungle"
      },
      {
        "Module": "Jungle.Modules.Mouse",
        "Source": "Jungle"
      },
      {
        "Module": "Jungle.Modules.Popup",
        "Source": "Jungle"
      },
      {
        "Module": "Jungle.Modules.Modelx3D",
        "Source": "Jungle"
      }
    ]
  }
}
About to remove the cacheDir: "cache"
Removing the directory cache/Jungle.Modules.3DView
Removing the directory cache/Jungle.Modules.Modelx3D
Removing the directory cache/Jungle.Modules.Mouse
Removing the directory cache/Jungle.Modules.Popup
Removing the directory cache/Jungle.Modules.RootView
Removing the directory cache/Jungle.Modules.Server/74C8EB68598A43F8A7C1F148CE0D67B0
Removing the directory cache/Jungle.Modules.Server
Removing the directory cache
=================================================
Genesis Compile Start:
=================================================
Genesis Setup:
/usr/local/bin/node
/home/trevor/Jungle/Core/Genesis.js
Jungle=/home/trevor/Jungle
{
  "Sources": {
    "Jungle": "/home/trevor/Jungle"
  },
  "Modules": {
    "Server": {
      "Module": "Jungle.Modules.Server",
      "Source": "Jungle",
      "Par": {
        "ApexList": {},
        "Port": 8080,
        "Url": "Paint",
        "Config": "@file: browser.json",
        "HTML": "@file: Paint.html"
      }
    },
    "Deferred": [
      {
        "Module": "Jungle.Modules.RootView",
        "Source": "Jungle"
      },
      {
        "Module": "Jungle.Modules.3DView",
        "Source": "Jungle"
      },
      {
        "Module": "Jungle.Modules.Mouse",
        "Source": "Jungle"
      },
      {
        "Module": "Jungle.Modules.Popup",
        "Source": "Jungle"
      },
      {
        "Module": "Jungle.Modules.Modelx3D",
        "Source": "Jungle"
      }
    ]
  }
}
=================================================
Genesis Compile Start:
--refreshSystems: Updating and installing dependencies

=================================================
Genesis Setup:
/usr/local/bin/node
/home/trevor/Jungle/Core/Genesis.js
Jungle=/home/trevor/Jungle
{
  "Sources": {
    "Jungle": "/home/trevor/Jungle"
  },
  "Modules": {
    "Server": {
      "Module": "Jungle.Modules.Server",
      "Source": "Jungle",
      "Par": {
        "ApexList": {},
        "Port": 8080,
        "Url": "Paint",
        "Config": "@file: browser.json",
        "HTML": "@file: Paint.html"
      }
    },
    "Deferred": [
      {
        "Module": "Jungle.Modules.RootView",
        "Source": "Jungle"
      },
      {
        "Module": "Jungle.Modules.3DView",
        "Source": "Jungle"
      },
      {
        "Module": "Jungle.Modules.Mouse",
        "Source": "Jungle"
      },
      {
        "Module": "Jungle.Modules.Popup",
        "Source": "Jungle"
      },
      {
        "Module": "Jungle.Modules.Modelx3D",
        "Source": "Jungle"
      }
    ]
  }
}
=================================================
Genesis Compile Start:
--refreshSystems: Updating and installing dependencies

=================================================
Genesis Setup:
/usr/local/bin/node
/home/trevor/Jungle/Core/Genesis.js
Jungle=/home/trevor/Jungle
{
  "Sources": {
    "Jungle": "/home/trevor/Jungle"
  },
  "Modules": {
    "Server": {
      "Module": "Jungle.Modules.Server",
      "Source": "Jungle",
      "Par": {
        "ApexList": {},
        "Port": 8080,
        "Url": "Paint",
        "Config": "@file: browser.json",
        "HTML": "@file: Paint.html"
      }
    },
    "Deferred": [
      {
        "Module": "Jungle.Modules.RootView",
        "Source": "Jungle"
      },
      {
        "Module": "Jungle.Modules.3DView",
        "Source": "Jungle"
      },
      {
        "Module": "Jungle.Modules.Mouse",
        "Source": "Jungle"
      },
      {
        "Module": "Jungle.Modules.Popup",
        "Source": "Jungle"
      },
      {
        "Module": "Jungle.Modules.Modelx3D",
        "Source": "Jungle"
      }
    ]
  }
}
=================================================
Genesis Compile Start:
--refreshSystems: Updating and installing dependencies

dependencies installed correctly
Current working directory: /home/trevor/Jungle/Systems/00Example
--populate : Writing Cache to Disk
=================================================
Genesis Setup:
/usr/local/bin/node
/home/trevor/Jungle/Core/Genesis.js
Jungle=/home/trevor/Jungle
{
  "Sources": {
    "Jungle": "/home/trevor/Jungle"
  },
  "Modules": {
    "Server": {
      "Module": "Jungle.Modules.Server",
      "Source": "Jungle",
      "Par": {
        "ApexList": {},
        "Port": 8080,
        "Url": "Paint",
        "Config": "@file: browser.json",
        "HTML": "@file: Paint.html"
      }
    },
    "Deferred": [
      {
        "Module": "Jungle.Modules.RootView",
        "Source": "Jungle"
      },
      {
        "Module": "Jungle.Modules.3DView",
        "Source": "Jungle"
      },
      {
        "Module": "Jungle.Modules.Mouse",
        "Source": "Jungle"
      },
      {
        "Module": "Jungle.Modules.Popup",
        "Source": "Jungle"
      },
      {
        "Module": "Jungle.Modules.Modelx3D",
        "Source": "Jungle"
      }
    ]
  }
}
About to remove the cacheDir: "cache"
Removing the directory cache
=================================================
Genesis Compile Start:
--refreshSystems: Updating and installing dependencies

dependencies installed correctly
Current working directory: /home/trevor/Jungle/Systems/00Example
--populate : Writing Cache to Disk
Writing Module Jungle.Modules.Server to cache
--refreshSystems: Jungle.Modules.Server Updating and installing dependencies

Writing Module Jungle.Modules.RootView to cache
--refreshSystems: Jungle.Modules.RootView Updating and installing dependencies

Writing Module Jungle.Modules.3DView to cache
--refreshSystems: Jungle.Modules.3DView Updating and installing dependencies

Writing Module Jungle.Modules.Mouse to cache
--refreshSystems: Jungle.Modules.Mouse Updating and installing dependencies

Writing Module Jungle.Modules.Popup to cache
--refreshSystems: Jungle.Modules.Popup Updating and installing dependencies

Writing Module Jungle.Modules.Modelx3D to cache
--refreshSystems: Jungle.Modules.Modelx3D Updating and installing dependencies

dependencies installed correctly
Current working directory: /home/trevor/Jungle/Systems/00Example
dependencies installed correctly
Current working directory: /home/trevor/Jungle/Systems/00Example
dependencies installed correctly
Current working directory: /home/trevor/Jungle/Systems/00Example
dependencies installed correctly
Current working directory: /home/trevor/Jungle/Systems/00Example
dependencies installed correctly
Current working directory: /home/trevor/Jungle/Systems/00Example
dependencies installed correctly
Current working directory: /home/trevor/Jungle/Systems/00Example
=================================================
Genesis Setup:
/usr/local/bin/node
Jungle=/home/trevor/Jungle
/home/trevor/Jungle/Core/Genesis.js
{
  "Sources": {
    "Jungle": "/home/trevor/Jungle"
  },
  "Modules": {
    "Server": {
      "Module": "Jungle.Modules.Server",
      "Source": "Jungle",
      "Par": {
        "ApexList": {},
        "Port": 8080,
        "Url": "Paint",
        "Config": "@file: browser.json",
        "HTML": "@file: Paint.html"
      }
    },
    "Deferred": [
      {
        "Module": "Jungle.Modules.RootView",
        "Source": "Jungle"
      },
      {
        "Module": "Jungle.Modules.3DView",
        "Source": "Jungle"
      },
      {
        "Module": "Jungle.Modules.Mouse",
        "Source": "Jungle"
      },
      {
        "Module": "Jungle.Modules.Popup",
        "Source": "Jungle"
      },
      {
        "Module": "Jungle.Modules.Modelx3D",
        "Source": "Jungle"
      }
    ]
  }
}
About to remove the cacheDir: "cache"
Removing the directory cache/Jungle.Modules.3DView
Removing the directory cache/Jungle.Modules.Mouse
Removing the directory cache/Jungle.Modules.Modelx3D
Removing the directory cache/Jungle.Modules.Popup
Removing the directory cache/Jungle.Modules.RootView
Removing the directory cache/Jungle.Modules.Server
Removing the directory cache
=================================================
Genesis Compile Start:
--refreshSystems: Updating and installing dependencies

dependencies installed correctly
Current working directory: /home/trevor/Jungle/Systems/00Example
--populate : Writing Cache to Disk
Writing Module Jungle.Modules.Server to cache
--refreshSystems: Jungle.Modules.Server Updating and installing dependencies

Writing Module Jungle.Modules.RootView to cache
--refreshSystems: Jungle.Modules.RootView Updating and installing dependencies

Writing Module Jungle.Modules.3DView to cache
--refreshSystems: Jungle.Modules.3DView Updating and installing dependencies

Writing Module Jungle.Modules.Mouse to cache
--refreshSystems: Jungle.Modules.Mouse Updating and installing dependencies

Writing Module Jungle.Modules.Popup to cache
--refreshSystems: Jungle.Modules.Popup Updating and installing dependencies

Writing Module Jungle.Modules.Modelx3D to cache
--refreshSystems: Jungle.Modules.Modelx3D Updating and installing dependencies

dependencies installed correctly
Current working directory: /home/trevor/Jungle/Systems/00Example
dependencies installed correctly
Current working directory: /home/trevor/Jungle/Systems/00Example
dependencies installed correctly
Current working directory: /home/trevor/Jungle/Systems/00Example
dependencies installed correctly
Current working directory: /home/trevor/Jungle/Systems/00Example
dependencies installed correctly
Current working directory: /home/trevor/Jungle/Systems/00Example
dependencies installed correctly
Current working directory: /home/trevor/Jungle/Systems/00Example
